Arguments: 
  C:\Program Files\nodejs\node.exe C:\Users\Osada\AppData\Roaming\npm\node_modules\yarn\bin\yarn.js

PATH: 
  C:\Program Files\PowerShell\7;C:\Program Files (x86)\Common Files\Intel\Shared Libraries\redist\intel64\compiler;C:\WINDOWS\system32;C:\WINDOWS;C:\WINDOWS\System32\Wbem;C:\WINDOWS\System32\WindowsPowerShell\v1.0\;C:\WINDOWS\System32\OpenSSH\;C:\Users\Osada\AppData\Local\Android\Sdk\platform-tools;C:\Program Files\Java\jdk-14.0.1\\bin;C:\Program Files\Java\jdk-14.0.1\bin;C:\src\flutter\bin;C:\Program Files\MongoDB\Server\4.4\bin;C:\Program Files\dotnet\;C:\src\ngrok;C:\Users\Osada\AppData\Local\Android\Sdk\emulator;C:\Program Files\nodejs\;C:\Users\Osada\AppData\Local\Programs\Python\Python39\Scripts\;C:\Users\Osada\AppData\Local\Programs\Python\Python39\;C:\Program Files\MongoDB\Tools\100\bin;C:\ProgramData\chocolatey\bin;C:\src\ffmpeg\bin;C:\Program Files\PowerShell\7\;C:\Users\Osada\AppData\Local\Programs\Python\Python39\Scripts\;C:\Users\Osada\AppData\Local\Programs\Python\Python39\;C:\Users\Osada\AppData\Local\Microsoft\WindowsApps;C:\Users\Osada\AppData\Local\Programs\Microsoft VS Code\bin;C:\Users\Osada\AppData\Local\Programs\Git\cmd;C:\Users\Osada\AppData\Local\GitHubDesktop\bin;C:\Program Files\heroku\bin;C:\Program Files\JetBrains\IntelliJ IDEA Community Edition 2021.1.3\bin;C:\Program Files\JetBrains\WebStorm 2020.1\bin;C:\Users\Osada\AppData\Local\Microsoft\WindowsApps;C:\Users\Osada\AppData\Roaming\npm;C:\Program Files (x86)\Google\Cloud SDK\google-cloud-sdk\bin;C:\Users\Osada\.deta\bin;

Yarn version: 
  1.22.17

Node version: 
  16.13.0

Platform: 
  win32 x64

Trace: 
  SyntaxError: E:\Projects\hackathons\astro-auth\packages\astro-auth-core\package.json: Unexpected token } in JSON at position 686
      at JSON.parse (<anonymous>)
      at C:\Users\Osada\AppData\Roaming\npm\node_modules\yarn\lib\cli.js:1625:59
      at Generator.next (<anonymous>)
      at step (C:\Users\Osada\AppData\Roaming\npm\node_modules\yarn\lib\cli.js:310:30)
      at C:\Users\Osada\AppData\Roaming\npm\node_modules\yarn\lib\cli.js:321:13

npm manifest: 
  {
    "name": "@astro-auth/core",
    "version": "1.0.0",
    "main": "dist/index.js",
    "author": "Osada Vidath",
    "license": "MIT",
    "files": [
      "dist"
    ],
    "module": "dist/index.js",
    "types": "dist/index.d.ts",
    "scripts": {
      "build": "rollup -c",
      "dev": "rollup -c -w"
    },
    "devDependencies": {
      "@rollup/plugin-commonjs": "^21.0.3",
      "@rollup/plugin-node-resolve": "^13.2.0",
      "@rollup/plugin-typescript": "^8.3.1",
      "redaxios": "^0.4.1",
      "rollup": "^2.70.1",
      "rollup-plugin-dts": "^4.2.1",
      "rollup-plugin-peer-deps-external": "^2.2.4",
      "rollup-plugin-terser": "^7.0.2",
      "typescript": "^4.6.3",
      "@astro-auth/types": "1.0.0"
    },
    
  }

yarn manifest: 
  No manifest

Lockfile: 
  No lockfile
